# JRE version: Java(TM) SE Runtime Environment (8.0_181-b13) (build 1.8.0_181-b13)
# Java VM: Java HotSpot(TM) 64-Bit Server VM (25.181-b13 mixed mode bsd-amd64 compressed oops)
Heap:
 PSYoungGen      total 988672K, used 539310K [0x0000000780000000, 0x00000007c0000000, 0x00000007c0000000)
  eden space 933376K, 53% used [0x0000000780000000,0x000000079e4fad58,0x00000007b8f80000)
  from space 55296K, 77% used [0x00000007b8f80000,0x00000007bb930e48,0x00000007bc580000)
  to   space 55296K, 0% used [0x00000007bca00000,0x00000007bca00000,0x00000007c0000000)
 ParOldGen       total 339968K, used 299629K [0x0000000700000000, 0x0000000714c00000, 0x0000000780000000)
  object space 339968K, 88% used [0x0000000700000000,0x000000071249b510,0x0000000714c00000)
 Metaspace       used 137750K, capacity 150008K, committed 150144K, reserved 1179648K
  class space    used 16275K, capacity 18950K, committed 19072K, reserved 1048576K
GC Heap History (10 events):
Event: 1682.157 GC heap before
{Heap before GC invocations=52 (full 5):
 PSYoungGen      total 979456K, used 958963K [0x0000000780000000, 0x00000007bfa00000, 0x00000007c0000000)
  eden space 920576K, 100% used [0x0000000780000000,0x00000007b8300000,0x00000007b8300000)
  from space 58880K, 65% used [0x00000007bc080000,0x00000007be5fcf28,0x00000007bfa00000)
  to   space 60928K, 0% used [0x00000007b8300000,0x00000007b8300000,0x00000007bbe80000)
 ParOldGen       total 339968K, used 222824K [0x0000000700000000, 0x0000000714c00000, 0x0000000780000000)
  object space 339968K, 65% used [0x0000000700000000,0x000000070d99a128,0x0000000714c00000)
 Metaspace       used 133864K, capacity 145036K, committed 145280K, reserved 1175552K
  class space    used 15803K, capacity 18248K, committed 18304K, reserved 1048576K
Event: 1682.183 GC heap after
Heap after GC invocations=52 (full 5):
 PSYoungGen      total 981504K, used 34429K [0x0000000780000000, 0x00000007bff00000, 0x00000007c0000000)
  eden space 920576K, 0% used [0x0000000780000000,0x0000000780000000,0x00000007b8300000)
  from space 60928K, 56% used [0x00000007b8300000,0x00000007ba49f738,0x00000007bbe80000)
  to   space 59392K, 0% used [0x00000007bc500000,0x00000007bc500000,0x00000007bff00000)
 ParOldGen       total 339968K, used 241272K [0x0000000700000000, 0x0000000714c00000, 0x0000000780000000)
  object space 339968K, 70% used [0x0000000700000000,0x000000070eb9e190,0x0000000714c00000)
 Metaspace       used 133864K, capacity 145036K, committed 145280K, reserved 1175552K
  class space    used 15803K, capacity 18248K, committed 18304K, reserved 1048576K
}
Event: 1683.638 GC heap before
{Heap before GC invocations=53 (full 5):
 PSYoungGen      total 981504K, used 955005K [0x0000000780000000, 0x00000007bff00000, 0x00000007c0000000)
  eden space 920576K, 100% used [0x0000000780000000,0x00000007b8300000,0x00000007b8300000)
  from space 60928K, 56% used [0x00000007b8300000,0x00000007ba49f738,0x00000007bbe80000)
  to   space 59392K, 0% used [0x00000007bc500000,0x00000007bc500000,0x00000007bff00000)
 ParOldGen       total 339968K, used 241272K [0x0000000700000000, 0x0000000714c00000, 0x0000000780000000)
  object space 339968K, 70% used [0x0000000700000000,0x000000070eb9e190,0x0000000714c00000)
 Metaspace       used 134260K, capacity 145808K, committed 145920K, reserved 1177600K
  class space    used 15891K, capacity 18392K, committed 18432K, reserved 1048576K
Event: 1683.664 GC heap after
Heap after GC invocations=53 (full 5):
 PSYoungGen      total 985088K, used 32598K [0x0000000780000000, 0x00000007bfc80000, 0x00000007c0000000)
  eden space 928256K, 0% used [0x0000000780000000,0x0000000780000000,0x00000007b8a80000)
  from space 56832K, 57% used [0x00000007bc500000,0x00000007be4d5908,0x00000007bfc80000)
  to   space 58368K, 0% used [0x00000007b8a80000,0x00000007b8a80000,0x00000007bc380000)
 ParOldGen       total 339968K, used 256827K [0x0000000700000000, 0x0000000714c00000, 0x0000000780000000)
  object space 339968K, 75% used [0x0000000700000000,0x000000070facecc0,0x0000000714c00000)
 Metaspace       used 134260K, capacity 145808K, committed 145920K, reserved 1177600K
  class space    used 15891K, capacity 18392K, committed 18432K, reserved 1048576K
}
Event: 1686.002 GC heap before
{Heap before GC invocations=54 (full 5):
 PSYoungGen      total 985088K, used 960854K [0x0000000780000000, 0x00000007bfc80000, 0x00000007c0000000)
  eden space 928256K, 100% used [0x0000000780000000,0x00000007b8a80000,0x00000007b8a80000)
  from space 56832K, 57% used [0x00000007bc500000,0x00000007be4d5908,0x00000007bfc80000)
  to   space 58368K, 0% used [0x00000007b8a80000,0x00000007b8a80000,0x00000007bc380000)
 ParOldGen       total 339968K, used 256827K [0x0000000700000000, 0x0000000714c00000, 0x0000000780000000)
  object space 339968K, 75% used [0x0000000700000000,0x000000070facecc0,0x0000000714c00000)
 Metaspace       used 134805K, capacity 146584K, committed 146816K, reserved 1177600K
  class space    used 15975K, capacity 18527K, committed 18560K, reserved 1048576K
Event: 1686.038 GC heap after
Heap after GC invocations=54 (full 5):
 PSYoungGen      total 986624K, used 38994K [0x0000000780000000, 0x00000007bfe80000, 0x00000007c0000000)
  eden space 928256K, 0% used [0x0000000780000000,0x0000000780000000,0x00000007b8a80000)
  from space 58368K, 66% used [0x00000007b8a80000,0x00000007bb094bf0,0x00000007bc380000)
  to   space 56832K, 0% used [0x00000007bc700000,0x00000007bc700000,0x00000007bfe80000)
 ParOldGen       total 339968K, used 269638K [0x0000000700000000, 0x0000000714c00000, 0x0000000780000000)
  object space 339968K, 79% used [0x0000000700000000,0x0000000710751bc8,0x0000000714c00000)
 Metaspace       used 134805K, capacity 146584K, committed 146816K, reserved 1177600K
  class space    used 15975K, capacity 18527K, committed 18560K, reserved 1048576K
}
Event: 1688.854 GC heap before
{Heap before GC invocations=55 (full 5):
 PSYoungGen      total 986624K, used 967250K [0x0000000780000000, 0x00000007bfe80000, 0x00000007c0000000)
  eden space 928256K, 100% used [0x0000000780000000,0x00000007b8a80000,0x00000007b8a80000)
  from space 58368K, 66% used [0x00000007b8a80000,0x00000007bb094bf0,0x00000007bc380000)
  to   space 56832K, 0% used [0x00000007bc700000,0x00000007bc700000,0x00000007bfe80000)
 ParOldGen       total 339968K, used 269638K [0x0000000700000000, 0x0000000714c00000, 0x0000000780000000)
  object space 339968K, 79% used [0x0000000700000000,0x0000000710751bc8,0x0000000714c00000)
 Metaspace       used 135590K, capacity 147540K, committed 147712K, reserved 1177600K
  class space    used 16078K, capacity 18665K, committed 18688K, reserved 1048576K
Event: 1688.903 GC heap after
Heap after GC invocations=55 (full 5):
 PSYoungGen      total 987136K, used 37149K [0x0000000780000000, 0x00000007bfb80000, 0x00000007c0000000)
  eden space 933376K, 0% used [0x0000000780000000,0x0000000780000000,0x00000007b8f80000)
  from space 53760K, 69% used [0x00000007bc700000,0x00000007beb47508,0x00000007bfb80000)
  to   space 55296K, 0% used [0x00000007b8f80000,0x00000007b8f80000,0x00000007bc580000)
 ParOldGen       total 339968K, used 291416K [0x0000000700000000, 0x0000000714c00000, 0x0000000780000000)
  object space 339968K, 85% used [0x0000000700000000,0x0000000711c962a0,0x0000000714c00000)
 Metaspace       used 135590K, capacity 147540K, committed 147712K, reserved 1177600K
  class space    used 16078K, capacity 18665K, committed 18688K, reserved 1048576K
}
Event: 1694.103 GC heap before
{Heap before GC invocations=56 (full 5):
 PSYoungGen      total 987136K, used 970525K [0x0000000780000000, 0x00000007bfb80000, 0x00000007c0000000)
  eden space 933376K, 100% used [0x0000000780000000,0x00000007b8f80000,0x00000007b8f80000)
  from space 53760K, 69% used [0x00000007bc700000,0x00000007beb47508,0x00000007bfb80000)
  to   space 55296K, 0% used [0x00000007b8f80000,0x00000007b8f80000,0x00000007bc580000)
 ParOldGen       total 339968K, used 291416K [0x0000000700000000, 0x0000000714c00000, 0x0000000780000000)
  object space 339968K, 85% used [0x0000000700000000,0x0000000711c962a0,0x0000000714c00000)
 Metaspace       used 136800K, capacity 149018K, committed 149248K, reserved 1179648K
  class space    used 16169K, capacity 18834K, committed 18944K, reserved 1048576K
Event: 1696.237 GC heap after
Heap after GC invocations=56 (full 5):
 PSYoungGen      total 988672K, used 42691K [0x0000000780000000, 0x00000007c0000000, 0x00000007c0000000)
  eden space 933376K, 0% used [0x0000000780000000,0x0000000780000000,0x00000007b8f80000)
  from space 55296K, 77% used [0x00000007b8f80000,0x00000007bb930e48,0x00000007bc580000)
  to   space 55296K, 0% used [0x00000007bca00000,0x00000007bca00000,0x00000007c0000000)
 ParOldGen       total 339968K, used 299629K [0x0000000700000000, 0x0000000714c00000, 0x0000000780000000)
  object space 339968K, 88% used [0x0000000700000000,0x000000071249b510,0x0000000714c00000)
 Metaspace       used 136800K, capacity 149018K, committed 149248K, reserved 1179648K
  class space    used 16169K, capacity 18834K, committed 18944K, reserved 1048576K
}

